<?xml version="1.0" encoding="UTF-8"?>
<testsuite name="com.ddd.workshop.domain.ProductArchiveTest" tests="1" skipped="0" failures="0" errors="0" timestamp="2021-08-20T12:24:31" hostname="Techopss-MacBook-Pro.local" time="0.024">
  <properties/>
  <testcase name="shouldShowAllTheRemovedItems()" classname="com.ddd.workshop.domain.ProductArchiveTest" time="0.024"/>
  <system-out><![CDATA[IpadPro,Bat
]]></system-out>
  <system-err><![CDATA[]]></system-err>
</testsuite>
